{"/home/prajwal-inna/Desktop/online_clothes_store-main/backend/app.js": {"path":"/home/prajwal-inna/Desktop/online_clothes_store-main/backend/app.js","statementMap":{"0":{"start":{"line":12,"column":12},"end":{"line":12,"column":21}},"1":{"start":{"line":14,"column":0},"end":{"line":14,"column":11}},"2":{"start":{"line":15,"column":0},"end":{"line":15,"column":19}},"3":{"start":{"line":18,"column":0},"end":{"line":18,"column":23}},"4":{"start":{"line":19,"column":0},"end":{"line":19,"column":15}},"5":{"start":{"line":22,"column":0},"end":{"line":22,"column":32}},"6":{"start":{"line":23,"column":0},"end":{"line":23,"column":38}},"7":{"start":{"line":24,"column":0},"end":{"line":24,"column":32}},"8":{"start":{"line":25,"column":0},"end":{"line":25,"column":34}},"9":{"start":{"line":27,"column":0},"end":{"line":29,"column":2}},"10":{"start":{"line":28,"column":4},"end":{"line":28,"column":27}}},"fnMap":{"0":{"name":"(anonymous_0)","decl":{"start":{"line":27,"column":13},"end":{"line":27,"column":14}},"loc":{"start":{"line":27,"column":27},"end":{"line":29,"column":1}},"line":27}},"branchMap":{},"s":{"0":2,"1":2,"2":2,"3":2,"4":2,"5":2,"6":2,"7":2,"8":2,"9":2,"10":0},"f":{"0":0},"b":{},"_coverageSchema":"1a1c01bbd47fc00a2c39e90264f33305004495a9","hash":"d3691721ca630efd2dba9c96b67321a4086ab689"}
,"/home/prajwal-inna/Desktop/online_clothes_store-main/backend/config/cloudinary.js": {"path":"/home/prajwal-inna/Desktop/online_clothes_store-main/backend/config/cloudinary.js","statementMap":{"0":{"start":{"line":3,"column":26},"end":{"line":11,"column":1}},"1":{"start":{"line":5,"column":4},"end":{"line":9,"column":6}}},"fnMap":{"0":{"name":"(anonymous_0)","decl":{"start":{"line":3,"column":26},"end":{"line":3,"column":27}},"loc":{"start":{"line":3,"column":38},"end":{"line":11,"column":1}},"line":3}},"branchMap":{},"s":{"0":2,"1":2},"f":{"0":2},"b":{},"_coverageSchema":"1a1c01bbd47fc00a2c39e90264f33305004495a9","hash":"4423a347a56f4c8efb83b74a99e3fcae4df28ab7"}
,"/home/prajwal-inna/Desktop/online_clothes_store-main/backend/config/mongodb.js": {"path":"/home/prajwal-inna/Desktop/online_clothes_store-main/backend/config/mongodb.js","statementMap":{"0":{"start":{"line":3,"column":18},"end":{"line":10,"column":1}},"1":{"start":{"line":5,"column":4},"end":{"line":7,"column":6}},"2":{"start":{"line":6,"column":8},"end":{"line":6,"column":36}},"3":{"start":{"line":9,"column":0},"end":{"line":9,"column":47}}},"fnMap":{"0":{"name":"(anonymous_0)","decl":{"start":{"line":3,"column":18},"end":{"line":3,"column":19}},"loc":{"start":{"line":3,"column":30},"end":{"line":10,"column":1}},"line":3},"1":{"name":"(anonymous_1)","decl":{"start":{"line":5,"column":39},"end":{"line":5,"column":40}},"loc":{"start":{"line":5,"column":45},"end":{"line":7,"column":5}},"line":5}},"branchMap":{},"s":{"0":2,"1":2,"2":2,"3":2},"f":{"0":2,"1":2},"b":{},"_coverageSchema":"1a1c01bbd47fc00a2c39e90264f33305004495a9","hash":"94c3be449a48647c2edcfd1658932ed654b9cdc7"}
,"/home/prajwal-inna/Desktop/online_clothes_store-main/backend/controllers/cartController.js": {"path":"/home/prajwal-inna/Desktop/online_clothes_store-main/backend/controllers/cartController.js","statementMap":{"0":{"start":{"line":5,"column":18},"end":{"line":33,"column":1}},"1":{"start":{"line":6,"column":4},"end":{"line":32,"column":5}},"2":{"start":{"line":8,"column":41},"end":{"line":8,"column":49}},"3":{"start":{"line":10,"column":25},"end":{"line":10,"column":57}},"4":{"start":{"line":11,"column":23},"end":{"line":11,"column":46}},"5":{"start":{"line":13,"column":8},"end":{"line":23,"column":9}},"6":{"start":{"line":14,"column":12},"end":{"line":19,"column":13}},"7":{"start":{"line":15,"column":16},"end":{"line":15,"column":43}},"8":{"start":{"line":18,"column":16},"end":{"line":18,"column":42}},"9":{"start":{"line":21,"column":12},"end":{"line":21,"column":33}},"10":{"start":{"line":22,"column":12},"end":{"line":22,"column":38}},"11":{"start":{"line":25,"column":8},"end":{"line":25,"column":61}},"12":{"start":{"line":27,"column":8},"end":{"line":27,"column":61}},"13":{"start":{"line":30,"column":8},"end":{"line":30,"column":26}},"14":{"start":{"line":31,"column":8},"end":{"line":31,"column":60}},"15":{"start":{"line":36,"column":19},"end":{"line":53,"column":1}},"16":{"start":{"line":37,"column":4},"end":{"line":52,"column":5}},"17":{"start":{"line":39,"column":51},"end":{"line":39,"column":59}},"18":{"start":{"line":41,"column":25},"end":{"line":41,"column":57}},"19":{"start":{"line":42,"column":23},"end":{"line":42,"column":46}},"20":{"start":{"line":44,"column":8},"end":{"line":44,"column":41}},"21":{"start":{"line":46,"column":8},"end":{"line":46,"column":61}},"22":{"start":{"line":47,"column":8},"end":{"line":47,"column":60}},"23":{"start":{"line":50,"column":8},"end":{"line":50,"column":26}},"24":{"start":{"line":51,"column":8},"end":{"line":51,"column":60}},"25":{"start":{"line":57,"column":20},"end":{"line":73,"column":1}},"26":{"start":{"line":59,"column":4},"end":{"line":71,"column":5}},"27":{"start":{"line":61,"column":27},"end":{"line":61,"column":35}},"28":{"start":{"line":63,"column":25},"end":{"line":63,"column":57}},"29":{"start":{"line":64,"column":23},"end":{"line":64,"column":46}},"30":{"start":{"line":66,"column":8},"end":{"line":66,"column":45}},"31":{"start":{"line":69,"column":8},"end":{"line":69,"column":26}},"32":{"start":{"line":70,"column":8},"end":{"line":70,"column":60}}},"fnMap":{"0":{"name":"(anonymous_0)","decl":{"start":{"line":5,"column":18},"end":{"line":5,"column":19}},"loc":{"start":{"line":5,"column":37},"end":{"line":33,"column":1}},"line":5},"1":{"name":"(anonymous_1)","decl":{"start":{"line":36,"column":19},"end":{"line":36,"column":20}},"loc":{"start":{"line":36,"column":38},"end":{"line":53,"column":1}},"line":36},"2":{"name":"(anonymous_2)","decl":{"start":{"line":57,"column":20},"end":{"line":57,"column":21}},"loc":{"start":{"line":57,"column":39},"end":{"line":73,"column":1}},"line":57}},"branchMap":{"0":{"loc":{"start":{"line":13,"column":8},"end":{"line":23,"column":9}},"type":"if","locations":[{"start":{"line":13,"column":8},"end":{"line":23,"column":9}},{"start":{"line":20,"column":15},"end":{"line":23,"column":9}}],"line":13},"1":{"loc":{"start":{"line":14,"column":12},"end":{"line":19,"column":13}},"type":"if","locations":[{"start":{"line":14,"column":12},"end":{"line":19,"column":13}},{"start":{"line":17,"column":17},"end":{"line":19,"column":13}}],"line":14}},"s":{"0":2,"1":0,"2":0,"3":0,"4":0,"5":0,"6":0,"7":0,"8":0,"9":0,"10":0,"11":0,"12":0,"13":0,"14":0,"15":2,"16":0,"17":0,"18":0,"19":0,"20":0,"21":0,"22":0,"23":0,"24":0,"25":2,"26":0,"27":0,"28":0,"29":0,"30":0,"31":0,"32":0},"f":{"0":0,"1":0,"2":0},"b":{"0":[0,0],"1":[0,0]},"_coverageSchema":"1a1c01bbd47fc00a2c39e90264f33305004495a9","hash":"c8cf63a6960f1cdfeb2dc3ceb3c8ba33c1f51b72"}
,"/home/prajwal-inna/Desktop/online_clothes_store-main/backend/controllers/orderController.js": {"path":"/home/prajwal-inna/Desktop/online_clothes_store-main/backend/controllers/orderController.js","statementMap":{"0":{"start":{"line":7,"column":17},"end":{"line":7,"column":22}},"1":{"start":{"line":8,"column":23},"end":{"line":8,"column":25}},"2":{"start":{"line":11,"column":15},"end":{"line":11,"column":56}},"3":{"start":{"line":13,"column":25},"end":{"line":16,"column":2}},"4":{"start":{"line":19,"column":19},"end":{"line":48,"column":1}},"5":{"start":{"line":21,"column":4},"end":{"line":46,"column":5}},"6":{"start":{"line":23,"column":50},"end":{"line":23,"column":58}},"7":{"start":{"line":25,"column":26},"end":{"line":33,"column":9}},"8":{"start":{"line":35,"column":25},"end":{"line":35,"column":50}},"9":{"start":{"line":36,"column":8},"end":{"line":36,"column":29}},"10":{"start":{"line":38,"column":8},"end":{"line":38,"column":63}},"11":{"start":{"line":40,"column":8},"end":{"line":40,"column":55}},"12":{"start":{"line":44,"column":8},"end":{"line":44,"column":26}},"13":{"start":{"line":45,"column":8},"end":{"line":45,"column":55}},"14":{"start":{"line":51,"column":25},"end":{"line":105,"column":1}},"15":{"start":{"line":52,"column":4},"end":{"line":104,"column":5}},"16":{"start":{"line":54,"column":50},"end":{"line":54,"column":58}},"17":{"start":{"line":55,"column":27},"end":{"line":55,"column":38}},"18":{"start":{"line":57,"column":26},"end":{"line":65,"column":9}},"19":{"start":{"line":67,"column":25},"end":{"line":67,"column":50}},"20":{"start":{"line":68,"column":8},"end":{"line":68,"column":29}},"21":{"start":{"line":70,"column":27},"end":{"line":79,"column":11}},"22":{"start":{"line":70,"column":48},"end":{"line":79,"column":9}},"23":{"start":{"line":81,"column":8},"end":{"line":90,"column":10}},"24":{"start":{"line":92,"column":24},"end":{"line":97,"column":10}},"25":{"start":{"line":99,"column":8},"end":{"line":99,"column":57}},"26":{"start":{"line":102,"column":8},"end":{"line":102,"column":26}},"27":{"start":{"line":103,"column":8},"end":{"line":103,"column":55}},"28":{"start":{"line":108,"column":21},"end":{"line":127,"column":1}},"29":{"start":{"line":110,"column":41},"end":{"line":110,"column":49}},"30":{"start":{"line":112,"column":4},"end":{"line":125,"column":5}},"31":{"start":{"line":113,"column":8},"end":{"line":120,"column":9}},"32":{"start":{"line":114,"column":12},"end":{"line":114,"column":72}},"33":{"start":{"line":115,"column":12},"end":{"line":115,"column":69}},"34":{"start":{"line":116,"column":12},"end":{"line":116,"column":38}},"35":{"start":{"line":118,"column":12},"end":{"line":118,"column":55}},"36":{"start":{"line":119,"column":12},"end":{"line":119,"column":37}},"37":{"start":{"line":123,"column":8},"end":{"line":123,"column":26}},"38":{"start":{"line":124,"column":8},"end":{"line":124,"column":55}},"39":{"start":{"line":130,"column":27},"end":{"line":166,"column":1}},"40":{"start":{"line":131,"column":4},"end":{"line":165,"column":5}},"41":{"start":{"line":133,"column":50},"end":{"line":133,"column":58}},"42":{"start":{"line":135,"column":26},"end":{"line":143,"column":9}},"43":{"start":{"line":145,"column":25},"end":{"line":145,"column":50}},"44":{"start":{"line":146,"column":8},"end":{"line":146,"column":29}},"45":{"start":{"line":148,"column":24},"end":{"line":152,"column":9}},"46":{"start":{"line":154,"column":8},"end":{"line":160,"column":10}},"47":{"start":{"line":155,"column":12},"end":{"line":158,"column":13}},"48":{"start":{"line":156,"column":16},"end":{"line":156,"column":34}},"49":{"start":{"line":157,"column":16},"end":{"line":157,"column":64}},"50":{"start":{"line":159,"column":12},"end":{"line":159,"column":42}},"51":{"start":{"line":163,"column":8},"end":{"line":163,"column":26}},"52":{"start":{"line":164,"column":8},"end":{"line":164,"column":55}},"53":{"start":{"line":168,"column":23},"end":{"line":186,"column":1}},"54":{"start":{"line":169,"column":4},"end":{"line":185,"column":5}},"55":{"start":{"line":171,"column":47},"end":{"line":171,"column":55}},"56":{"start":{"line":173,"column":26},"end":{"line":173,"column":80}},"57":{"start":{"line":174,"column":8},"end":{"line":180,"column":9}},"58":{"start":{"line":175,"column":12},"end":{"line":175,"column":81}},"59":{"start":{"line":176,"column":12},"end":{"line":176,"column":67}},"60":{"start":{"line":177,"column":12},"end":{"line":177,"column":70}},"61":{"start":{"line":179,"column":13},"end":{"line":179,"column":69}},"62":{"start":{"line":183,"column":8},"end":{"line":183,"column":26}},"63":{"start":{"line":184,"column":8},"end":{"line":184,"column":55}},"64":{"start":{"line":190,"column":18},"end":{"line":202,"column":1}},"65":{"start":{"line":192,"column":4},"end":{"line":200,"column":5}},"66":{"start":{"line":194,"column":23},"end":{"line":194,"column":48}},"67":{"start":{"line":195,"column":8},"end":{"line":195,"column":39}},"68":{"start":{"line":198,"column":8},"end":{"line":198,"column":26}},"69":{"start":{"line":199,"column":8},"end":{"line":199,"column":55}},"70":{"start":{"line":205,"column":19},"end":{"line":217,"column":1}},"71":{"start":{"line":206,"column":4},"end":{"line":216,"column":5}},"72":{"start":{"line":208,"column":27},"end":{"line":208,"column":35}},"73":{"start":{"line":210,"column":23},"end":{"line":210,"column":56}},"74":{"start":{"line":211,"column":8},"end":{"line":211,"column":39}},"75":{"start":{"line":214,"column":8},"end":{"line":214,"column":26}},"76":{"start":{"line":215,"column":8},"end":{"line":215,"column":55}},"77":{"start":{"line":220,"column":21},"end":{"line":232,"column":1}},"78":{"start":{"line":221,"column":4},"end":{"line":231,"column":5}},"79":{"start":{"line":223,"column":36},"end":{"line":223,"column":44}},"80":{"start":{"line":225,"column":8},"end":{"line":225,"column":63}},"81":{"start":{"line":226,"column":8},"end":{"line":226,"column":57}},"82":{"start":{"line":229,"column":8},"end":{"line":229,"column":26}},"83":{"start":{"line":230,"column":8},"end":{"line":230,"column":55}}},"fnMap":{"0":{"name":"(anonymous_0)","decl":{"start":{"line":19,"column":19},"end":{"line":19,"column":20}},"loc":{"start":{"line":19,"column":38},"end":{"line":48,"column":1}},"line":19},"1":{"name":"(anonymous_1)","decl":{"start":{"line":51,"column":25},"end":{"line":51,"column":26}},"loc":{"start":{"line":51,"column":44},"end":{"line":105,"column":1}},"line":51},"2":{"name":"(anonymous_2)","decl":{"start":{"line":70,"column":37},"end":{"line":70,"column":38}},"loc":{"start":{"line":70,"column":48},"end":{"line":79,"column":9}},"line":70},"3":{"name":"(anonymous_3)","decl":{"start":{"line":108,"column":21},"end":{"line":108,"column":22}},"loc":{"start":{"line":108,"column":40},"end":{"line":127,"column":1}},"line":108},"4":{"name":"(anonymous_4)","decl":{"start":{"line":130,"column":27},"end":{"line":130,"column":28}},"loc":{"start":{"line":130,"column":46},"end":{"line":166,"column":1}},"line":130},"5":{"name":"(anonymous_5)","decl":{"start":{"line":154,"column":54},"end":{"line":154,"column":55}},"loc":{"start":{"line":154,"column":69},"end":{"line":160,"column":9}},"line":154},"6":{"name":"(anonymous_6)","decl":{"start":{"line":168,"column":23},"end":{"line":168,"column":24}},"loc":{"start":{"line":168,"column":42},"end":{"line":186,"column":1}},"line":168},"7":{"name":"(anonymous_7)","decl":{"start":{"line":190,"column":18},"end":{"line":190,"column":19}},"loc":{"start":{"line":190,"column":37},"end":{"line":202,"column":1}},"line":190},"8":{"name":"(anonymous_8)","decl":{"start":{"line":205,"column":19},"end":{"line":205,"column":20}},"loc":{"start":{"line":205,"column":38},"end":{"line":217,"column":1}},"line":205},"9":{"name":"(anonymous_9)","decl":{"start":{"line":220,"column":21},"end":{"line":220,"column":22}},"loc":{"start":{"line":220,"column":40},"end":{"line":232,"column":1}},"line":220}},"branchMap":{"0":{"loc":{"start":{"line":113,"column":8},"end":{"line":120,"column":9}},"type":"if","locations":[{"start":{"line":113,"column":8},"end":{"line":120,"column":9}},{"start":{"line":117,"column":15},"end":{"line":120,"column":9}}],"line":113},"1":{"loc":{"start":{"line":155,"column":12},"end":{"line":158,"column":13}},"type":"if","locations":[{"start":{"line":155,"column":12},"end":{"line":158,"column":13}},{"start":{},"end":{}}],"line":155},"2":{"loc":{"start":{"line":174,"column":8},"end":{"line":180,"column":9}},"type":"if","locations":[{"start":{"line":174,"column":8},"end":{"line":180,"column":9}},{"start":{"line":178,"column":15},"end":{"line":180,"column":9}}],"line":174}},"s":{"0":2,"1":2,"2":2,"3":2,"4":2,"5":0,"6":0,"7":0,"8":0,"9":0,"10":0,"11":0,"12":0,"13":0,"14":2,"15":0,"16":0,"17":0,"18":0,"19":0,"20":0,"21":0,"22":0,"23":0,"24":0,"25":0,"26":0,"27":0,"28":2,"29":0,"30":0,"31":0,"32":0,"33":0,"34":0,"35":0,"36":0,"37":0,"38":0,"39":2,"40":0,"41":0,"42":0,"43":0,"44":0,"45":0,"46":0,"47":0,"48":0,"49":0,"50":0,"51":0,"52":0,"53":2,"54":0,"55":0,"56":0,"57":0,"58":0,"59":0,"60":0,"61":0,"62":0,"63":0,"64":2,"65":0,"66":0,"67":0,"68":0,"69":0,"70":2,"71":0,"72":0,"73":0,"74":0,"75":0,"76":0,"77":2,"78":0,"79":0,"80":0,"81":0,"82":0,"83":0},"f":{"0":0,"1":0,"2":0,"3":0,"4":0,"5":0,"6":0,"7":0,"8":0,"9":0},"b":{"0":[0,0],"1":[0,0],"2":[0,0]},"_coverageSchema":"1a1c01bbd47fc00a2c39e90264f33305004495a9","hash":"f178e95db3bbfb1021b5b5cda5fbbe1367716037"}
,"/home/prajwal-inna/Desktop/online_clothes_store-main/backend/controllers/productController.js": {"path":"/home/prajwal-inna/Desktop/online_clothes_store-main/backend/controllers/productController.js","statementMap":{"0":{"start":{"line":5,"column":19},"end":{"line":47,"column":1}},"1":{"start":{"line":6,"column":4},"end":{"line":46,"column":5}},"2":{"start":{"line":8,"column":87},"end":{"line":8,"column":95}},"3":{"start":{"line":10,"column":23},"end":{"line":10,"column":62}},"4":{"start":{"line":11,"column":23},"end":{"line":11,"column":62}},"5":{"start":{"line":12,"column":23},"end":{"line":12,"column":62}},"6":{"start":{"line":13,"column":23},"end":{"line":13,"column":62}},"7":{"start":{"line":15,"column":23},"end":{"line":15,"column":92}},"8":{"start":{"line":15,"column":73},"end":{"line":15,"column":91}},"9":{"start":{"line":17,"column":24},"end":{"line":22,"column":9}},"10":{"start":{"line":19,"column":29},"end":{"line":19,"column":100}},"11":{"start":{"line":20,"column":16},"end":{"line":20,"column":40}},"12":{"start":{"line":24,"column":28},"end":{"line":34,"column":9}},"13":{"start":{"line":36,"column":8},"end":{"line":36,"column":33}},"14":{"start":{"line":38,"column":24},"end":{"line":38,"column":53}},"15":{"start":{"line":39,"column":8},"end":{"line":39,"column":28}},"16":{"start":{"line":41,"column":8},"end":{"line":41,"column":61}},"17":{"start":{"line":44,"column":8},"end":{"line":44,"column":26}},"18":{"start":{"line":45,"column":8},"end":{"line":45,"column":60}},"19":{"start":{"line":50,"column":21},"end":{"line":60,"column":1}},"20":{"start":{"line":51,"column":4},"end":{"line":59,"column":5}},"21":{"start":{"line":53,"column":25},"end":{"line":53,"column":52}},"22":{"start":{"line":54,"column":8},"end":{"line":54,"column":41}},"23":{"start":{"line":57,"column":8},"end":{"line":57,"column":26}},"24":{"start":{"line":58,"column":8},"end":{"line":58,"column":60}},"25":{"start":{"line":63,"column":22},"end":{"line":73,"column":1}},"26":{"start":{"line":64,"column":4},"end":{"line":72,"column":5}},"27":{"start":{"line":66,"column":8},"end":{"line":66,"column":57}},"28":{"start":{"line":67,"column":8},"end":{"line":67,"column":58}},"29":{"start":{"line":70,"column":8},"end":{"line":70,"column":26}},"30":{"start":{"line":71,"column":8},"end":{"line":71,"column":60}},"31":{"start":{"line":76,"column":22},"end":{"line":87,"column":1}},"32":{"start":{"line":77,"column":4},"end":{"line":86,"column":5}},"33":{"start":{"line":79,"column":30},"end":{"line":79,"column":38}},"34":{"start":{"line":80,"column":24},"end":{"line":80,"column":62}},"35":{"start":{"line":81,"column":8},"end":{"line":81,"column":40}},"36":{"start":{"line":84,"column":8},"end":{"line":84,"column":26}},"37":{"start":{"line":85,"column":8},"end":{"line":85,"column":60}}},"fnMap":{"0":{"name":"(anonymous_0)","decl":{"start":{"line":5,"column":19},"end":{"line":5,"column":20}},"loc":{"start":{"line":5,"column":39},"end":{"line":47,"column":1}},"line":5},"1":{"name":"(anonymous_1)","decl":{"start":{"line":15,"column":63},"end":{"line":15,"column":64}},"loc":{"start":{"line":15,"column":73},"end":{"line":15,"column":91}},"line":15},"2":{"name":"(anonymous_2)","decl":{"start":{"line":18,"column":23},"end":{"line":18,"column":24}},"loc":{"start":{"line":18,"column":39},"end":{"line":21,"column":13}},"line":18},"3":{"name":"(anonymous_3)","decl":{"start":{"line":50,"column":21},"end":{"line":50,"column":22}},"loc":{"start":{"line":50,"column":41},"end":{"line":60,"column":1}},"line":50},"4":{"name":"(anonymous_4)","decl":{"start":{"line":63,"column":22},"end":{"line":63,"column":23}},"loc":{"start":{"line":63,"column":42},"end":{"line":73,"column":1}},"line":63},"5":{"name":"(anonymous_5)","decl":{"start":{"line":76,"column":22},"end":{"line":76,"column":23}},"loc":{"start":{"line":76,"column":42},"end":{"line":87,"column":1}},"line":76}},"branchMap":{"0":{"loc":{"start":{"line":10,"column":23},"end":{"line":10,"column":62}},"type":"binary-expr","locations":[{"start":{"line":10,"column":23},"end":{"line":10,"column":39}},{"start":{"line":10,"column":43},"end":{"line":10,"column":62}}],"line":10},"1":{"loc":{"start":{"line":11,"column":23},"end":{"line":11,"column":62}},"type":"binary-expr","locations":[{"start":{"line":11,"column":23},"end":{"line":11,"column":39}},{"start":{"line":11,"column":43},"end":{"line":11,"column":62}}],"line":11},"2":{"loc":{"start":{"line":12,"column":23},"end":{"line":12,"column":62}},"type":"binary-expr","locations":[{"start":{"line":12,"column":23},"end":{"line":12,"column":39}},{"start":{"line":12,"column":43},"end":{"line":12,"column":62}}],"line":12},"3":{"loc":{"start":{"line":13,"column":23},"end":{"line":13,"column":62}},"type":"binary-expr","locations":[{"start":{"line":13,"column":23},"end":{"line":13,"column":39}},{"start":{"line":13,"column":43},"end":{"line":13,"column":62}}],"line":13},"4":{"loc":{"start":{"line":30,"column":24},"end":{"line":30,"column":60}},"type":"cond-expr","locations":[{"start":{"line":30,"column":48},"end":{"line":30,"column":52}},{"start":{"line":30,"column":55},"end":{"line":30,"column":60}}],"line":30}},"s":{"0":2,"1":0,"2":0,"3":0,"4":0,"5":0,"6":0,"7":0,"8":0,"9":0,"10":0,"11":0,"12":0,"13":0,"14":0,"15":0,"16":0,"17":0,"18":0,"19":2,"20":0,"21":0,"22":0,"23":0,"24":0,"25":2,"26":0,"27":0,"28":0,"29":0,"30":0,"31":2,"32":0,"33":0,"34":0,"35":0,"36":0,"37":0},"f":{"0":0,"1":0,"2":0,"3":0,"4":0,"5":0},"b":{"0":[0,0],"1":[0,0],"2":[0,0],"3":[0,0],"4":[0,0]},"_coverageSchema":"1a1c01bbd47fc00a2c39e90264f33305004495a9","hash":"67f175796f04e80e02ae750ac34f9a1554e757fe"}
,"/home/prajwal-inna/Desktop/online_clothes_store-main/backend/controllers/userController.js": {"path":"/home/prajwal-inna/Desktop/online_clothes_store-main/backend/controllers/userController.js","statementMap":{"0":{"start":{"line":7,"column":20},"end":{"line":9,"column":1}},"1":{"start":{"line":8,"column":4},"end":{"line":8,"column":51}},"2":{"start":{"line":12,"column":18},"end":{"line":39,"column":1}},"3":{"start":{"line":13,"column":4},"end":{"line":38,"column":5}},"4":{"start":{"line":15,"column":36},"end":{"line":15,"column":44}},"5":{"start":{"line":17,"column":21},"end":{"line":17,"column":55}},"6":{"start":{"line":19,"column":8},"end":{"line":21,"column":9}},"7":{"start":{"line":20,"column":12},"end":{"line":20,"column":79}},"8":{"start":{"line":23,"column":24},"end":{"line":23,"column":69}},"9":{"start":{"line":25,"column":8},"end":{"line":33,"column":9}},"10":{"start":{"line":27,"column":26},"end":{"line":27,"column":47}},"11":{"start":{"line":28,"column":12},"end":{"line":28,"column":46}},"12":{"start":{"line":32,"column":12},"end":{"line":32,"column":72}},"13":{"start":{"line":36,"column":8},"end":{"line":36,"column":27}},"14":{"start":{"line":37,"column":8},"end":{"line":37,"column":60}},"15":{"start":{"line":42,"column":21},"end":{"line":81,"column":1}},"16":{"start":{"line":43,"column":4},"end":{"line":80,"column":5}},"17":{"start":{"line":45,"column":42},"end":{"line":45,"column":50}},"18":{"start":{"line":48,"column":23},"end":{"line":48,"column":57}},"19":{"start":{"line":49,"column":8},"end":{"line":51,"column":9}},"20":{"start":{"line":50,"column":12},"end":{"line":50,"column":79}},"21":{"start":{"line":54,"column":8},"end":{"line":56,"column":9}},"22":{"start":{"line":55,"column":12},"end":{"line":55,"column":86}},"23":{"start":{"line":57,"column":8},"end":{"line":59,"column":9}},"24":{"start":{"line":58,"column":12},"end":{"line":58,"column":90}},"25":{"start":{"line":62,"column":21},"end":{"line":62,"column":45}},"26":{"start":{"line":63,"column":31},"end":{"line":63,"column":64}},"27":{"start":{"line":65,"column":24},"end":{"line":69,"column":10}},"28":{"start":{"line":71,"column":21},"end":{"line":71,"column":41}},"29":{"start":{"line":73,"column":22},"end":{"line":73,"column":43}},"30":{"start":{"line":75,"column":8},"end":{"line":75,"column":42}},"31":{"start":{"line":78,"column":8},"end":{"line":78,"column":27}},"32":{"start":{"line":79,"column":8},"end":{"line":79,"column":60}},"33":{"start":{"line":84,"column":19},"end":{"line":100,"column":1}},"34":{"start":{"line":85,"column":4},"end":{"line":99,"column":5}},"35":{"start":{"line":87,"column":33},"end":{"line":87,"column":41}},"36":{"start":{"line":89,"column":8},"end":{"line":94,"column":9}},"37":{"start":{"line":90,"column":26},"end":{"line":90,"column":73}},"38":{"start":{"line":91,"column":12},"end":{"line":91,"column":42}},"39":{"start":{"line":93,"column":12},"end":{"line":93,"column":67}},"40":{"start":{"line":97,"column":8},"end":{"line":97,"column":27}},"41":{"start":{"line":98,"column":8},"end":{"line":98,"column":60}}},"fnMap":{"0":{"name":"(anonymous_0)","decl":{"start":{"line":7,"column":20},"end":{"line":7,"column":21}},"loc":{"start":{"line":7,"column":28},"end":{"line":9,"column":1}},"line":7},"1":{"name":"(anonymous_1)","decl":{"start":{"line":12,"column":18},"end":{"line":12,"column":19}},"loc":{"start":{"line":12,"column":38},"end":{"line":39,"column":1}},"line":12},"2":{"name":"(anonymous_2)","decl":{"start":{"line":42,"column":21},"end":{"line":42,"column":22}},"loc":{"start":{"line":42,"column":41},"end":{"line":81,"column":1}},"line":42},"3":{"name":"(anonymous_3)","decl":{"start":{"line":84,"column":19},"end":{"line":84,"column":20}},"loc":{"start":{"line":84,"column":39},"end":{"line":100,"column":1}},"line":84}},"branchMap":{"0":{"loc":{"start":{"line":19,"column":8},"end":{"line":21,"column":9}},"type":"if","locations":[{"start":{"line":19,"column":8},"end":{"line":21,"column":9}},{"start":{},"end":{}}],"line":19},"1":{"loc":{"start":{"line":25,"column":8},"end":{"line":33,"column":9}},"type":"if","locations":[{"start":{"line":25,"column":8},"end":{"line":33,"column":9}},{"start":{"line":31,"column":13},"end":{"line":33,"column":9}}],"line":25},"2":{"loc":{"start":{"line":49,"column":8},"end":{"line":51,"column":9}},"type":"if","locations":[{"start":{"line":49,"column":8},"end":{"line":51,"column":9}},{"start":{},"end":{}}],"line":49},"3":{"loc":{"start":{"line":54,"column":8},"end":{"line":56,"column":9}},"type":"if","locations":[{"start":{"line":54,"column":8},"end":{"line":56,"column":9}},{"start":{},"end":{}}],"line":54},"4":{"loc":{"start":{"line":57,"column":8},"end":{"line":59,"column":9}},"type":"if","locations":[{"start":{"line":57,"column":8},"end":{"line":59,"column":9}},{"start":{},"end":{}}],"line":57},"5":{"loc":{"start":{"line":89,"column":8},"end":{"line":94,"column":9}},"type":"if","locations":[{"start":{"line":89,"column":8},"end":{"line":94,"column":9}},{"start":{"line":92,"column":15},"end":{"line":94,"column":9}}],"line":89},"6":{"loc":{"start":{"line":89,"column":12},"end":{"line":89,"column":88}},"type":"binary-expr","locations":[{"start":{"line":89,"column":12},"end":{"line":89,"column":45}},{"start":{"line":89,"column":49},"end":{"line":89,"column":88}}],"line":89}},"s":{"0":2,"1":0,"2":2,"3":1,"4":1,"5":1,"6":1,"7":1,"8":0,"9":0,"10":0,"11":0,"12":0,"13":0,"14":0,"15":2,"16":1,"17":1,"18":1,"19":1,"20":0,"21":1,"22":0,"23":1,"24":1,"25":0,"26":0,"27":0,"28":0,"29":0,"30":0,"31":0,"32":0,"33":2,"34":0,"35":0,"36":0,"37":0,"38":0,"39":0,"40":0,"41":0},"f":{"0":0,"1":1,"2":1,"3":0},"b":{"0":[1,0],"1":[0,0],"2":[0,1],"3":[0,1],"4":[1,0],"5":[0,0],"6":[0,0]},"_coverageSchema":"1a1c01bbd47fc00a2c39e90264f33305004495a9","hash":"0a22a16d2cc2a287e054b37243791736f395da83"}
,"/home/prajwal-inna/Desktop/online_clothes_store-main/backend/middleware/adminAuth.js": {"path":"/home/prajwal-inna/Desktop/online_clothes_store-main/backend/middleware/adminAuth.js","statementMap":{"0":{"start":{"line":3,"column":18},"end":{"line":18,"column":1}},"1":{"start":{"line":4,"column":4},"end":{"line":17,"column":5}},"2":{"start":{"line":5,"column":26},"end":{"line":5,"column":37}},"3":{"start":{"line":6,"column":8},"end":{"line":8,"column":9}},"4":{"start":{"line":7,"column":12},"end":{"line":7,"column":81}},"5":{"start":{"line":9,"column":29},"end":{"line":9,"column":69}},"6":{"start":{"line":10,"column":8},"end":{"line":12,"column":9}},"7":{"start":{"line":11,"column":12},"end":{"line":11,"column":81}},"8":{"start":{"line":13,"column":8},"end":{"line":13,"column":14}},"9":{"start":{"line":15,"column":8},"end":{"line":15,"column":26}},"10":{"start":{"line":16,"column":8},"end":{"line":16,"column":60}}},"fnMap":{"0":{"name":"(anonymous_0)","decl":{"start":{"line":3,"column":18},"end":{"line":3,"column":19}},"loc":{"start":{"line":3,"column":42},"end":{"line":18,"column":1}},"line":3}},"branchMap":{"0":{"loc":{"start":{"line":6,"column":8},"end":{"line":8,"column":9}},"type":"if","locations":[{"start":{"line":6,"column":8},"end":{"line":8,"column":9}},{"start":{},"end":{}}],"line":6},"1":{"loc":{"start":{"line":10,"column":8},"end":{"line":12,"column":9}},"type":"if","locations":[{"start":{"line":10,"column":8},"end":{"line":12,"column":9}},{"start":{},"end":{}}],"line":10}},"s":{"0":2,"1":0,"2":0,"3":0,"4":0,"5":0,"6":0,"7":0,"8":0,"9":0,"10":0},"f":{"0":0},"b":{"0":[0,0],"1":[0,0]},"_coverageSchema":"1a1c01bbd47fc00a2c39e90264f33305004495a9","hash":"5747685880e62706d2a709bfd81ecf839a489f76"}
,"/home/prajwal-inna/Desktop/online_clothes_store-main/backend/middleware/auth.js": {"path":"/home/prajwal-inna/Desktop/online_clothes_store-main/backend/middleware/auth.js","statementMap":{"0":{"start":{"line":3,"column":17},"end":{"line":22,"column":1}},"1":{"start":{"line":5,"column":22},"end":{"line":5,"column":33}},"2":{"start":{"line":7,"column":4},"end":{"line":9,"column":5}},"3":{"start":{"line":8,"column":8},"end":{"line":8,"column":82}},"4":{"start":{"line":11,"column":4},"end":{"line":20,"column":5}},"5":{"start":{"line":13,"column":29},"end":{"line":13,"column":70}},"6":{"start":{"line":14,"column":8},"end":{"line":14,"column":41}},"7":{"start":{"line":15,"column":8},"end":{"line":15,"column":14}},"8":{"start":{"line":18,"column":8},"end":{"line":18,"column":26}},"9":{"start":{"line":19,"column":8},"end":{"line":19,"column":60}}},"fnMap":{"0":{"name":"(anonymous_0)","decl":{"start":{"line":3,"column":17},"end":{"line":3,"column":18}},"loc":{"start":{"line":3,"column":43},"end":{"line":22,"column":1}},"line":3}},"branchMap":{"0":{"loc":{"start":{"line":7,"column":4},"end":{"line":9,"column":5}},"type":"if","locations":[{"start":{"line":7,"column":4},"end":{"line":9,"column":5}},{"start":{},"end":{}}],"line":7}},"s":{"0":2,"1":0,"2":0,"3":0,"4":0,"5":0,"6":0,"7":0,"8":0,"9":0},"f":{"0":0},"b":{"0":[0,0]},"_coverageSchema":"1a1c01bbd47fc00a2c39e90264f33305004495a9","hash":"2aab8abd5cf3f2f9ac0fa69ac9652938a5d00a81"}
,"/home/prajwal-inna/Desktop/online_clothes_store-main/backend/middleware/multer.js": {"path":"/home/prajwal-inna/Desktop/online_clothes_store-main/backend/middleware/multer.js","statementMap":{"0":{"start":{"line":3,"column":16},"end":{"line":7,"column":2}},"1":{"start":{"line":5,"column":8},"end":{"line":5,"column":40}},"2":{"start":{"line":9,"column":15},"end":{"line":9,"column":32}}},"fnMap":{"0":{"name":"(anonymous_0)","decl":{"start":{"line":4,"column":13},"end":{"line":4,"column":14}},"loc":{"start":{"line":4,"column":40},"end":{"line":6,"column":5}},"line":4}},"branchMap":{},"s":{"0":2,"1":0,"2":2},"f":{"0":0},"b":{},"_coverageSchema":"1a1c01bbd47fc00a2c39e90264f33305004495a9","hash":"f1c460aa58187934671c2159d1a9a0c9f9ba687c"}
,"/home/prajwal-inna/Desktop/online_clothes_store-main/backend/models/orderModel.js": {"path":"/home/prajwal-inna/Desktop/online_clothes_store-main/backend/models/orderModel.js","statementMap":{"0":{"start":{"line":3,"column":20},"end":{"line":12,"column":2}},"1":{"start":{"line":14,"column":19},"end":{"line":14,"column":79}}},"fnMap":{},"branchMap":{"0":{"loc":{"start":{"line":14,"column":19},"end":{"line":14,"column":79}},"type":"binary-expr","locations":[{"start":{"line":14,"column":19},"end":{"line":14,"column":40}},{"start":{"line":14,"column":44},"end":{"line":14,"column":79}}],"line":14}},"s":{"0":2,"1":2},"f":{},"b":{"0":[2,2]},"_coverageSchema":"1a1c01bbd47fc00a2c39e90264f33305004495a9","hash":"39012664cfb09b5cf5dfddd67084587daffa0f82"}
,"/home/prajwal-inna/Desktop/online_clothes_store-main/backend/models/productModel.js": {"path":"/home/prajwal-inna/Desktop/online_clothes_store-main/backend/models/productModel.js","statementMap":{"0":{"start":{"line":3,"column":22},"end":{"line":13,"column":2}},"1":{"start":{"line":15,"column":22},"end":{"line":15,"column":88}}},"fnMap":{},"branchMap":{"0":{"loc":{"start":{"line":15,"column":22},"end":{"line":15,"column":88}},"type":"binary-expr","locations":[{"start":{"line":15,"column":22},"end":{"line":15,"column":45}},{"start":{"line":15,"column":49},"end":{"line":15,"column":88}}],"line":15}},"s":{"0":2,"1":2},"f":{},"b":{"0":[2,2]},"_coverageSchema":"1a1c01bbd47fc00a2c39e90264f33305004495a9","hash":"0a3e547c3bc6e1192d614b96ccb928ccbfbf5ed4"}
,"/home/prajwal-inna/Desktop/online_clothes_store-main/backend/models/userModel.js": {"path":"/home/prajwal-inna/Desktop/online_clothes_store-main/backend/models/userModel.js","statementMap":{"0":{"start":{"line":3,"column":19},"end":{"line":8,"column":23}},"1":{"start":{"line":10,"column":18},"end":{"line":10,"column":75}}},"fnMap":{},"branchMap":{"0":{"loc":{"start":{"line":10,"column":18},"end":{"line":10,"column":75}},"type":"binary-expr","locations":[{"start":{"line":10,"column":18},"end":{"line":10,"column":38}},{"start":{"line":10,"column":42},"end":{"line":10,"column":75}}],"line":10}},"s":{"0":2,"1":2},"f":{},"b":{"0":[2,2]},"_coverageSchema":"1a1c01bbd47fc00a2c39e90264f33305004495a9","hash":"af77c410a651e1ab864d6fa3d70db22523f59fc5"}
,"/home/prajwal-inna/Desktop/online_clothes_store-main/backend/routes/cartRoute.js": {"path":"/home/prajwal-inna/Desktop/online_clothes_store-main/backend/routes/cartRoute.js","statementMap":{"0":{"start":{"line":5,"column":19},"end":{"line":5,"column":35}},"1":{"start":{"line":7,"column":0},"end":{"line":7,"column":45}},"2":{"start":{"line":8,"column":0},"end":{"line":8,"column":43}},"3":{"start":{"line":9,"column":0},"end":{"line":9,"column":47}}},"fnMap":{},"branchMap":{},"s":{"0":2,"1":2,"2":2,"3":2},"f":{},"b":{},"_coverageSchema":"1a1c01bbd47fc00a2c39e90264f33305004495a9","hash":"33ae287773fe01cf14199925e8c6cd7e4b0e8ac8"}
,"/home/prajwal-inna/Desktop/online_clothes_store-main/backend/routes/orderRoute.js": {"path":"/home/prajwal-inna/Desktop/online_clothes_store-main/backend/routes/orderRoute.js","statementMap":{"0":{"start":{"line":6,"column":20},"end":{"line":6,"column":36}},"1":{"start":{"line":9,"column":0},"end":{"line":9,"column":45}},"2":{"start":{"line":10,"column":0},"end":{"line":10,"column":50}},"3":{"start":{"line":13,"column":0},"end":{"line":13,"column":46}},"4":{"start":{"line":14,"column":0},"end":{"line":14,"column":53}},"5":{"start":{"line":15,"column":0},"end":{"line":15,"column":57}},"6":{"start":{"line":18,"column":0},"end":{"line":18,"column":51}},"7":{"start":{"line":21,"column":0},"end":{"line":21,"column":56}},"8":{"start":{"line":22,"column":0},"end":{"line":22,"column":60}}},"fnMap":{},"branchMap":{},"s":{"0":2,"1":2,"2":2,"3":2,"4":2,"5":2,"6":2,"7":2,"8":2},"f":{},"b":{},"_coverageSchema":"1a1c01bbd47fc00a2c39e90264f33305004495a9","hash":"164985acea59918e4038d529a7da631d7bc128fd"}
,"/home/prajwal-inna/Desktop/online_clothes_store-main/backend/routes/productRoute.js": {"path":"/home/prajwal-inna/Desktop/online_clothes_store-main/backend/routes/productRoute.js","statementMap":{"0":{"start":{"line":6,"column":22},"end":{"line":6,"column":38}},"1":{"start":{"line":8,"column":0},"end":{"line":8,"column":173}},"2":{"start":{"line":9,"column":0},"end":{"line":9,"column":54}},"3":{"start":{"line":10,"column":0},"end":{"line":10,"column":44}},"4":{"start":{"line":11,"column":0},"end":{"line":11,"column":39}}},"fnMap":{},"branchMap":{},"s":{"0":2,"1":2,"2":2,"3":2,"4":2},"f":{},"b":{},"_coverageSchema":"1a1c01bbd47fc00a2c39e90264f33305004495a9","hash":"6e485722783cd35b8dca32e82bbc53b87a709dc1"}
,"/home/prajwal-inna/Desktop/online_clothes_store-main/backend/routes/userRoute.js": {"path":"/home/prajwal-inna/Desktop/online_clothes_store-main/backend/routes/userRoute.js","statementMap":{"0":{"start":{"line":4,"column":19},"end":{"line":4,"column":35}},"1":{"start":{"line":6,"column":0},"end":{"line":6,"column":41}},"2":{"start":{"line":7,"column":0},"end":{"line":7,"column":35}},"3":{"start":{"line":8,"column":0},"end":{"line":8,"column":36}}},"fnMap":{},"branchMap":{},"s":{"0":2,"1":2,"2":2,"3":2},"f":{},"b":{},"_coverageSchema":"1a1c01bbd47fc00a2c39e90264f33305004495a9","hash":"b664400af40068ce473c622079649e07c19182f5"}
}
